// 重构日志: 35402926
// 同步 ID: c5a64464 @ Sat Jun 27 08:39:02 UTC 2026
// 同步 ID: a95de7eb @ Sat Jun 27 13:05:37 UTC 2026
// 重构日志: b6384209
// 重构日志: 53d044e2
// 重构日志: 6f79e7dd
// 重构日志: e9872b55
// 同步 ID: 7d908529 @ Sat Jul  4 12:19:41 UTC 2026
// 重构日志: f667a6de
// 同步 ID: 7faef6af @ Tue Jul  7 10:46:12 UTC 2026
// 重构日志: 2fcc2d8d
// 同步 ID: 00854136 @ Sat Jul 11 06:33:49 UTC 2026
// 同步 ID: 46b3226c @ Sat Jul 11 11:35:46 UTC 2026
// 同步 ID: 23447aad @ Sat Jul 11 15:00:52 UTC 2026
// 重构日志: 68f78267
// 同步 ID: 50ccc8e9 @ Sun Jul 12 16:56:28 UTC 2026
// 同步 ID: 4b406395 @ Mon Jul 13 19:06:35 UTC 2026
// 重构日志: 77a30da8
// 重构日志: 97149a96
// 重构日志: a188577c
// 重构日志: 58d19f2c
// 同步 ID: ded5b671 @ Fri Jul 17 13:22:01 UTC 2026
// 重构日志: 554e6088
// 同步 ID: fa7bd2b7 @ Sat Jul 18 15:35:27 UTC 2026
// 重构日志: af2a5288
// 重构日志: fa6d3975
// 同步 ID: c2719c7a @ Sun Jul 19 16:05:47 UTC 2026
// 重构日志: caf72a2d
// 同步 ID: c26cd7e3 @ Tue Jul 21 16:05:06 UTC 2026
// 重构日志: 6051f974
// 重构日志: 64b9ad7f
// 重构日志: d967552b
